<?xml version="1.0" encoding="UTF-8"?>
<testsuite name="TestClass" tests="6" skipped="0" failures="0" errors="0" timestamp="2024-10-23T12:45:26" hostname="CS7144" time="0.015">
  <properties/>
  <testcase name="testPlayer()" classname="TestClass" time="0.011"/>
  <testcase name="testPlayer2()" classname="TestClass" time="0.001"/>
  <testcase name="testPainting1()" classname="TestClass" time="0.001"/>
  <testcase name="testPainting2()" classname="TestClass" time="0.0"/>
  <testcase name="testModernArt1()" classname="TestClass" time="0.001"/>
  <testcase name="testModernArt2()" classname="TestClass" time="0.0"/>
  <system-out><![CDATA[]]></system-out>
  <system-err><![CDATA[]]></system-err>
</testsuite>
